2020-05-25 20:30:15,010 Exception on /psiturk [GET]
Traceback (most recent call last):
  File "/home/adat/.local/lib/python2.7/site-packages/flask/app.py", line 2317, in wsgi_app
    response = self.full_dispatch_request()
  File "/home/adat/.local/lib/python2.7/site-packages/flask/app.py", line 1840, in full_dispatch_request
    rv = self.handle_user_exception(e)
  File "/home/adat/.local/lib/python2.7/site-packages/flask/app.py", line 1743, in handle_user_exception
    reraise(exc_type, exc_value, tb)
  File "/home/adat/.local/lib/python2.7/site-packages/flask/app.py", line 1838, in full_dispatch_request
    rv = self.dispatch_request()
  File "/home/adat/.local/lib/python2.7/site-packages/flask/app.py", line 1824, in dispatch_request
    return self.view_functions[rule.endpoint](**req.view_args)
  File "/home/adat/.local/lib/python2.7/site-packages/psiturk/experiment.py", line 747, in regularpage
    return render_template(pagename)
  File "/home/adat/.local/lib/python2.7/site-packages/flask/templating.py", line 134, in render_template
    return _render(ctx.app.jinja_env.get_or_select_template(template_name_or_list),
  File "/home/adat/.local/lib/python2.7/site-packages/jinja2/environment.py", line 930, in get_or_select_template
    return self.get_template(template_name_or_list, parent, globals)
  File "/home/adat/.local/lib/python2.7/site-packages/jinja2/environment.py", line 883, in get_template
    return self._load_template(name, self.make_globals(globals))
  File "/home/adat/.local/lib/python2.7/site-packages/jinja2/environment.py", line 857, in _load_template
    template = self.loader.load(self, name, globals)
  File "/home/adat/.local/lib/python2.7/site-packages/jinja2/loaders.py", line 115, in load
    source, filename, uptodate = self.get_source(environment, name)
  File "/home/adat/.local/lib/python2.7/site-packages/flask/templating.py", line 58, in get_source
    return self._get_source_fast(environment, template)
  File "/home/adat/.local/lib/python2.7/site-packages/flask/templating.py", line 86, in _get_source_fast
    raise TemplateNotFound(template)
TemplateNotFound: psiturk
2020-05-25 20:31:16,138 Exception on /psiturk [GET]
Traceback (most recent call last):
  File "/home/adat/.local/lib/python2.7/site-packages/flask/app.py", line 2317, in wsgi_app
    response = self.full_dispatch_request()
  File "/home/adat/.local/lib/python2.7/site-packages/flask/app.py", line 1840, in full_dispatch_request
    rv = self.handle_user_exception(e)
  File "/home/adat/.local/lib/python2.7/site-packages/flask/app.py", line 1743, in handle_user_exception
    reraise(exc_type, exc_value, tb)
  File "/home/adat/.local/lib/python2.7/site-packages/flask/app.py", line 1838, in full_dispatch_request
    rv = self.dispatch_request()
  File "/home/adat/.local/lib/python2.7/site-packages/flask/app.py", line 1824, in dispatch_request
    return self.view_functions[rule.endpoint](**req.view_args)
  File "/home/adat/.local/lib/python2.7/site-packages/psiturk/experiment.py", line 747, in regularpage
    return render_template(pagename)
  File "/home/adat/.local/lib/python2.7/site-packages/flask/templating.py", line 134, in render_template
    return _render(ctx.app.jinja_env.get_or_select_template(template_name_or_list),
  File "/home/adat/.local/lib/python2.7/site-packages/jinja2/environment.py", line 930, in get_or_select_template
    return self.get_template(template_name_or_list, parent, globals)
  File "/home/adat/.local/lib/python2.7/site-packages/jinja2/environment.py", line 883, in get_template
    return self._load_template(name, self.make_globals(globals))
  File "/home/adat/.local/lib/python2.7/site-packages/jinja2/environment.py", line 857, in _load_template
    template = self.loader.load(self, name, globals)
  File "/home/adat/.local/lib/python2.7/site-packages/jinja2/loaders.py", line 115, in load
    source, filename, uptodate = self.get_source(environment, name)
  File "/home/adat/.local/lib/python2.7/site-packages/flask/templating.py", line 58, in get_source
    return self._get_source_fast(environment, template)
  File "/home/adat/.local/lib/python2.7/site-packages/flask/templating.py", line 86, in _get_source_fast
    raise TemplateNotFound(template)
TemplateNotFound: psiturk
2020-05-25 20:38:43,697 hit_assign_worker_id_not_set_in_mturk (1001) {}
[2020-07-06 11:22:11 -0400] [22071] [CRITICAL] WORKER TIMEOUT (pid:22088)
[2020-07-06 11:41:53 -0400] [22071] [CRITICAL] WORKER TIMEOUT (pid:22074)
[2020-07-06 11:41:53 -0400] [22071] [CRITICAL] WORKER TIMEOUT (pid:22075)
[2020-07-06 11:41:53 -0400] [22071] [CRITICAL] WORKER TIMEOUT (pid:22076)
[2020-07-06 11:41:53 -0400] [22071] [CRITICAL] WORKER TIMEOUT (pid:22077)
[2020-07-06 11:41:53 -0400] [22071] [CRITICAL] WORKER TIMEOUT (pid:22078)
[2020-07-06 11:41:53 -0400] [22071] [CRITICAL] WORKER TIMEOUT (pid:22079)
[2020-07-06 11:41:53 -0400] [22071] [CRITICAL] WORKER TIMEOUT (pid:22080)
[2020-07-06 11:41:53 -0400] [22071] [CRITICAL] WORKER TIMEOUT (pid:22081)
[2020-07-06 11:41:53 -0400] [22071] [CRITICAL] WORKER TIMEOUT (pid:22082)
[2020-07-06 11:41:53 -0400] [22071] [CRITICAL] WORKER TIMEOUT (pid:22083)
[2020-07-06 11:41:53 -0400] [22071] [CRITICAL] WORKER TIMEOUT (pid:22084)
[2020-07-06 11:41:53 -0400] [22071] [CRITICAL] WORKER TIMEOUT (pid:22085)
[2020-07-06 11:41:53 -0400] [22071] [CRITICAL] WORKER TIMEOUT (pid:22086)
[2020-07-06 11:41:53 -0400] [22071] [CRITICAL] WORKER TIMEOUT (pid:22087)
[2020-07-06 11:41:53 -0400] [22071] [CRITICAL] WORKER TIMEOUT (pid:22089)
[2020-07-06 11:41:53 -0400] [22071] [CRITICAL] WORKER TIMEOUT (pid:22095)
[2020-07-06 11:41:53 -0400] [22071] [CRITICAL] WORKER TIMEOUT (pid:22551)
[2020-07-06 12:08:15 -0400] [22071] [CRITICAL] WORKER TIMEOUT (pid:22707)
[2020-07-06 12:08:15 -0400] [22071] [CRITICAL] WORKER TIMEOUT (pid:22708)
[2020-07-06 12:08:15 -0400] [22071] [CRITICAL] WORKER TIMEOUT (pid:22709)
[2020-07-06 12:08:15 -0400] [22071] [CRITICAL] WORKER TIMEOUT (pid:22710)
[2020-07-06 12:08:15 -0400] [22071] [CRITICAL] WORKER TIMEOUT (pid:22712)
[2020-07-06 12:08:15 -0400] [22071] [CRITICAL] WORKER TIMEOUT (pid:22713)
[2020-07-06 12:08:15 -0400] [22071] [CRITICAL] WORKER TIMEOUT (pid:22714)
[2020-07-06 12:08:15 -0400] [22071] [CRITICAL] WORKER TIMEOUT (pid:22715)
[2020-07-06 12:08:15 -0400] [22071] [CRITICAL] WORKER TIMEOUT (pid:22716)
[2020-07-06 12:08:15 -0400] [22071] [CRITICAL] WORKER TIMEOUT (pid:22717)
[2020-07-06 12:08:15 -0400] [22071] [CRITICAL] WORKER TIMEOUT (pid:22718)
[2020-07-06 12:08:15 -0400] [22071] [CRITICAL] WORKER TIMEOUT (pid:22719)
[2020-07-06 12:08:15 -0400] [22071] [CRITICAL] WORKER TIMEOUT (pid:22720)
[2020-07-06 12:08:15 -0400] [22071] [CRITICAL] WORKER TIMEOUT (pid:22721)
[2020-07-06 12:08:15 -0400] [22071] [CRITICAL] WORKER TIMEOUT (pid:22722)
[2020-07-06 12:08:15 -0400] [22071] [CRITICAL] WORKER TIMEOUT (pid:22723)
[2020-07-06 12:08:15 -0400] [22071] [CRITICAL] WORKER TIMEOUT (pid:22724)
[2020-07-06 12:25:26 -0400] [22071] [CRITICAL] WORKER TIMEOUT (pid:22732)
[2020-07-06 12:25:26 -0400] [22071] [CRITICAL] WORKER TIMEOUT (pid:22733)
[2020-07-06 12:25:26 -0400] [22071] [CRITICAL] WORKER TIMEOUT (pid:22734)
[2020-07-06 12:25:26 -0400] [22071] [CRITICAL] WORKER TIMEOUT (pid:22735)
[2020-07-06 12:25:26 -0400] [22071] [CRITICAL] WORKER TIMEOUT (pid:22736)
[2020-07-06 12:25:26 -0400] [22071] [CRITICAL] WORKER TIMEOUT (pid:22737)
[2020-07-06 12:25:26 -0400] [22071] [CRITICAL] WORKER TIMEOUT (pid:22738)
[2020-07-06 12:25:26 -0400] [22071] [CRITICAL] WORKER TIMEOUT (pid:22739)
[2020-07-06 12:25:26 -0400] [22071] [CRITICAL] WORKER TIMEOUT (pid:22740)
[2020-07-06 12:25:26 -0400] [22071] [CRITICAL] WORKER TIMEOUT (pid:22741)
[2020-07-06 12:25:26 -0400] [22071] [CRITICAL] WORKER TIMEOUT (pid:22742)
[2020-07-06 12:25:26 -0400] [22071] [CRITICAL] WORKER TIMEOUT (pid:22743)
[2020-07-06 12:25:26 -0400] [22071] [CRITICAL] WORKER TIMEOUT (pid:22744)
[2020-07-06 12:25:26 -0400] [22071] [CRITICAL] WORKER TIMEOUT (pid:22745)
[2020-07-06 12:25:26 -0400] [22071] [CRITICAL] WORKER TIMEOUT (pid:22746)
[2020-07-06 12:25:26 -0400] [22071] [CRITICAL] WORKER TIMEOUT (pid:22747)
[2020-07-06 12:25:26 -0400] [22071] [CRITICAL] WORKER TIMEOUT (pid:22748)
[2020-07-06 12:39:14 -0400] [22071] [CRITICAL] WORKER TIMEOUT (pid:22788)
[2020-07-06 12:39:14 -0400] [22071] [CRITICAL] WORKER TIMEOUT (pid:22790)
[2020-07-06 12:39:14 -0400] [22071] [CRITICAL] WORKER TIMEOUT (pid:22791)
[2020-07-06 12:39:14 -0400] [22071] [CRITICAL] WORKER TIMEOUT (pid:22792)
[2020-07-06 12:39:14 -0400] [22071] [CRITICAL] WORKER TIMEOUT (pid:22793)
[2020-07-06 12:39:14 -0400] [22071] [CRITICAL] WORKER TIMEOUT (pid:22794)
[2020-07-06 12:39:14 -0400] [22071] [CRITICAL] WORKER TIMEOUT (pid:22795)
[2020-07-06 12:39:14 -0400] [22071] [CRITICAL] WORKER TIMEOUT (pid:22796)
[2020-07-06 12:39:14 -0400] [22071] [CRITICAL] WORKER TIMEOUT (pid:22797)
[2020-07-06 12:39:14 -0400] [22071] [CRITICAL] WORKER TIMEOUT (pid:22798)
[2020-07-06 12:39:14 -0400] [22071] [CRITICAL] WORKER TIMEOUT (pid:22799)
[2020-07-06 12:39:14 -0400] [22071] [CRITICAL] WORKER TIMEOUT (pid:22800)
[2020-07-06 12:39:14 -0400] [22071] [CRITICAL] WORKER TIMEOUT (pid:22801)
[2020-07-06 12:39:14 -0400] [22071] [CRITICAL] WORKER TIMEOUT (pid:22802)
[2020-07-06 12:39:14 -0400] [22071] [CRITICAL] WORKER TIMEOUT (pid:22803)
[2020-07-06 12:39:14 -0400] [22071] [CRITICAL] WORKER TIMEOUT (pid:22804)
[2020-07-06 12:39:14 -0400] [22071] [CRITICAL] WORKER TIMEOUT (pid:22805)
[2020-07-06 13:50:25 -0400] [22071] [CRITICAL] WORKER TIMEOUT (pid:22817)
[2020-07-06 13:50:25 -0400] [22071] [CRITICAL] WORKER TIMEOUT (pid:22818)
[2020-07-06 13:50:25 -0400] [22071] [CRITICAL] WORKER TIMEOUT (pid:22820)
[2020-07-06 13:50:25 -0400] [22071] [CRITICAL] WORKER TIMEOUT (pid:22821)
[2020-07-06 13:50:25 -0400] [22071] [CRITICAL] WORKER TIMEOUT (pid:22822)
[2020-07-06 13:50:25 -0400] [22071] [CRITICAL] WORKER TIMEOUT (pid:22823)
[2020-07-06 13:50:25 -0400] [22071] [CRITICAL] WORKER TIMEOUT (pid:22824)
[2020-07-06 13:50:25 -0400] [22071] [CRITICAL] WORKER TIMEOUT (pid:22825)
[2020-07-06 13:50:25 -0400] [22071] [CRITICAL] WORKER TIMEOUT (pid:22826)
[2020-07-06 13:50:25 -0400] [22071] [CRITICAL] WORKER TIMEOUT (pid:22828)
[2020-07-06 13:50:25 -0400] [22071] [CRITICAL] WORKER TIMEOUT (pid:22830)
[2020-07-06 13:50:25 -0400] [22071] [CRITICAL] WORKER TIMEOUT (pid:22831)
[2020-07-06 13:50:25 -0400] [22071] [CRITICAL] WORKER TIMEOUT (pid:22832)
[2020-07-06 13:50:25 -0400] [22071] [CRITICAL] WORKER TIMEOUT (pid:22833)
[2020-07-06 13:50:25 -0400] [22071] [CRITICAL] WORKER TIMEOUT (pid:22834)
[2020-07-06 13:50:25 -0400] [22071] [CRITICAL] WORKER TIMEOUT (pid:22835)
[2020-07-06 13:50:25 -0400] [22071] [CRITICAL] WORKER TIMEOUT (pid:22836)
[2020-07-06 14:03:35 -0400] [22071] [CRITICAL] WORKER TIMEOUT (pid:23019)
[2020-07-06 14:03:35 -0400] [22071] [CRITICAL] WORKER TIMEOUT (pid:23020)
[2020-07-06 14:03:35 -0400] [22071] [CRITICAL] WORKER TIMEOUT (pid:23021)
[2020-07-06 14:03:35 -0400] [22071] [CRITICAL] WORKER TIMEOUT (pid:23022)
[2020-07-06 14:03:35 -0400] [22071] [CRITICAL] WORKER TIMEOUT (pid:23023)
[2020-07-06 14:03:35 -0400] [22071] [CRITICAL] WORKER TIMEOUT (pid:23024)
[2020-07-06 14:03:35 -0400] [22071] [CRITICAL] WORKER TIMEOUT (pid:23025)
[2020-07-06 14:03:35 -0400] [22071] [CRITICAL] WORKER TIMEOUT (pid:23026)
[2020-07-06 14:03:35 -0400] [22071] [CRITICAL] WORKER TIMEOUT (pid:23027)
[2020-07-06 14:03:35 -0400] [22071] [CRITICAL] WORKER TIMEOUT (pid:23028)
[2020-07-06 14:03:35 -0400] [22071] [CRITICAL] WORKER TIMEOUT (pid:23029)
[2020-07-06 14:03:35 -0400] [22071] [CRITICAL] WORKER TIMEOUT (pid:23030)
[2020-07-06 14:03:35 -0400] [22071] [CRITICAL] WORKER TIMEOUT (pid:23031)
[2020-07-06 14:03:35 -0400] [22071] [CRITICAL] WORKER TIMEOUT (pid:23032)
[2020-07-06 14:03:35 -0400] [22071] [CRITICAL] WORKER TIMEOUT (pid:23033)
[2020-07-06 14:03:35 -0400] [22071] [CRITICAL] WORKER TIMEOUT (pid:23034)
[2020-07-06 14:03:35 -0400] [22071] [CRITICAL] WORKER TIMEOUT (pid:23035)
